GROUP,PACKAGE,CLASS,INSTRUCTION_MISSED,INSTRUCTION_COVERED,BRANCH_MISSED,BRANCH_COVERED,LINE_MISSED,LINE_COVERED,COMPLEXITY_MISSED,COMPLEXITY_COVERED,METHOD_MISSED,METHOD_COVERED
tabela,br.insper.tabela,TabelaApplication,5,3,0,0,2,1,1,1,1,1
tabela,br.insper.tabela.tabela,TabelaService,120,3,8,0,19,1,6,1,2,1
tabela,br.insper.tabela.tabela,TabelaController,4,3,0,0,1,1,1,1,1,1
tabela,br.insper.tabela.partida,RetornarPartidaDTO,3,0,0,0,1,0,1,0,1,0
tabela,br.insper.tabela.partida,PartidaService,16,3,0,0,4,1,1,1,1,1
